<?xml version="1.0" encoding="UTF-8"?>
<!-- Generated by org.testng.reporters.JUnitXMLReporter -->
<testsuite hostname="DESKTOP-IVGPN1D" ignored="0" name="Default test" tests="2" failures="0" timestamp="29 Jun 2019 03:48:40 GMT" time="0.627" errors="0">
  <testcase name="fillUserForm" time="0.011" classname="com.demo.testDataProvider.test.TestDataProvider"/>
  <testcase name="fillUserForm" time="0.006" classname="com.demo.testDataProvider.test.TestDataProvider"/>
</testsuite> <!-- Default test -->
