<?xml version="1.0" encoding="UTF-8"?>
<testng-results skipped="0" failed="0" ignored="0" total="2" passed="2">
  <reporter-output>
  </reporter-output>
  <suite name="Default suite" duration-ms="627" started-at="2019-06-29T03:48:39Z" finished-at="2019-06-29T03:48:40Z">
    <groups>
    </groups>
    <test name="Default test" duration-ms="627" started-at="2019-06-29T03:48:39Z" finished-at="2019-06-29T03:48:40Z">
      <class name="com.demo.testDataProvider.test.TestDataProvider">
        <test-method status="PASS" signature="fillUserForm(java.lang.String, java.lang.String)[pri:0, instance:com.demo.testDataProvider.test.TestDataProvider@100fc185]" name="fillUserForm" duration-ms="11" started-at="2019-06-29T03:48:40Z" data-provider="userData" finished-at="2019-06-29T03:48:40Z">
          <params>
            <param index="0">
              <value>
                <![CDATA[uname1]]>
              </value>
            </param>
            <param index="1">
              <value>
                <![CDATA[Pass1]]>
              </value>
            </param>
          </params>
          <reporter-output>
          </reporter-output>
        </test-method> <!-- fillUserForm -->
        <test-method status="PASS" signature="fillUserForm(java.lang.String, java.lang.String)[pri:0, instance:com.demo.testDataProvider.test.TestDataProvider@100fc185]" name="fillUserForm" duration-ms="6" started-at="2019-06-29T03:48:40Z" data-provider="userData" finished-at="2019-06-29T03:48:40Z">
          <params>
            <param index="0">
              <value>
                <![CDATA[uname2]]>
              </value>
            </param>
            <param index="1">
              <value>
                <![CDATA[Pass2]]>
              </value>
            </param>
          </params>
          <reporter-output>
          </reporter-output>
        </test-method> <!-- fillUserForm -->
      </class> <!-- com.demo.testDataProvider.test.TestDataProvider -->
    </test> <!-- Default test -->
  </suite> <!-- Default suite -->
</testng-results>
